============================================================
  Generated by:           Genus(TM) Synthesis Solution GENUS15.20 - 15.20-p004_1
  Generated on:           Dec 12 2025  08:54:25 pm
  Module:                 p4_O_SEQdet
  Wireload mode:          segmented
  Area mode:              timing library
============================================================

Timing
--------

  Mode   Clock  Period 
-----------------------
WC_VIEW EXT_CLK 2000.0 


          Cost  Critical Path  Violating 
  Mode   Group      Slack        Paths   
-----------------------------------------
WC_VIEW default      No paths            
        EXT_CLK           0.1            

Instance Count
--------------
Leaf Instance Count             31 
Sequential Instance Count        4 
Combinational Instance Count    27 
Hierarchical Instance Count      0 

Area
----
Cell Area                          102.600
Physical Cell Area                 0.000
Total Cell Area (Cell+Physical)    102.600
Net Area                           0.000
Total Area (Cell+Physical+Net)     102.600

Max Fanout                         5 (in_i)
Min Fanout                         1 (n_28)
Average Fanout                     2.3
Terms to net ratio                 3.2
Terms to instance ratio            3.9
Runtime                            13.000 seconds
Elapsed Runtime                    245 seconds
RC peak memory usage:              514.83 
EDI peak memory usage:             no_value 
Hostname                           vikram1
